[2015-03-13 13:09:45] MQS.INFO: Slim-Skeleton '/' route [] []
[2015-03-13 13:16:26] MQS.INFO: Slim-Skeleton '/' route [] []
[2015-03-13 13:21:33] MQS.INFO: Slim-Skeleton '/' route [] []
[2015-03-13 13:23:12] MQS.INFO: Slim-Skeleton '/' route [] []
[2015-03-13 13:43:00] MQS.INFO: MQS '/admin' route [] []
[2015-03-13 16:06:38] MQS.ERROR: exception 'ErrorException' with message 'Array to string conversion' in /Users/richardknight/Documents/WORKAREA/DML/_GIT/message-queue-server/www/classes/db.class.php:144 Stack trace: #0 /Users/richardknight/Documents/WORKAREA/DML/_GIT/message-queue-server/www/classes/db.class.php(144): Slim\Slim::handleErrors(8, 'Array to string...', '/Users/richardk...', 144, Array) #1 /Users/richardknight/Documents/WORKAREA/DML/_GIT/message-queue-server/www/classes/db.class.php(243): DB->query_2_object('SELECT * FROM M...') #2 /Users/richardknight/Documents/WORKAREA/DML/_GIT/message-queue-server/www/public/index.php(182): DB->load('3', 'Messages') #3 [internal function]: get_message('3') #4 /Users/richardknight/Documents/WORKAREA/DML/_GIT/message-queue-server/www/vendor/slim/slim/Slim/Route.php(468): call_user_func_array('get_message', Array) #5 /Users/richardknight/Documents/WORKAREA/DML/_GIT/message-queue-server/www/vendor/slim/slim/Slim/Slim.php(1357): Slim\Route->dispatch() #6 /Users/richardknight/Documents/WORKAREA/DML/_GIT/message-queue-server/www/vendor/slim/slim/Slim/Middleware/Flash.php(85): Slim\Slim->call() #7 /Users/richardknight/Documents/WORKAREA/DML/_GIT/message-queue-server/www/vendor/slim/slim/Slim/Middleware/MethodOverride.php(92): Slim\Middleware\Flash->call() #8 /Users/richardknight/Documents/WORKAREA/DML/_GIT/message-queue-server/www/vendor/slim/slim/Slim/Middleware/PrettyExceptions.php(67): Slim\Middleware\MethodOverride->call() #9 /Users/richardknight/Documents/WORKAREA/DML/_GIT/message-queue-server/www/vendor/slim/slim/Slim/Slim.php(1302): Slim\Middleware\PrettyExceptions->call() #10 /Users/richardknight/Documents/WORKAREA/DML/_GIT/message-queue-server/www/public/index.php(82): Slim\Slim->run() #11 {main} [] []
[2015-03-13 16:32:32] MQS.INFO: MQS '/admin' route [] []
[2015-03-13 16:32:32] MQS.ERROR: exception 'Twig_Error_Loader' with message 'Unable to find template "index.tmp.html" (looked into: ../templates).' in /Users/richardknight/Documents/WORKAREA/DML/_GIT/message-queue-server/www/vendor/twig/twig/lib/Twig/Loader/Filesystem.php:194 Stack trace: #0 /Users/richardknight/Documents/WORKAREA/DML/_GIT/message-queue-server/www/vendor/twig/twig/lib/Twig/Loader/Filesystem.php(138): Twig_Loader_Filesystem->findTemplate('index.tmp.html') #1 /Users/richardknight/Documents/WORKAREA/DML/_GIT/message-queue-server/www/vendor/twig/twig/lib/Twig/Environment.php(266): Twig_Loader_Filesystem->getCacheKey('index.tmp.html') #2 /Users/richardknight/Documents/WORKAREA/DML/_GIT/message-queue-server/www/vendor/twig/twig/lib/Twig/Environment.php(324): Twig_Environment->getTemplateClass('index.tmp.html', NULL) #3 /Users/richardknight/Documents/WORKAREA/DML/_GIT/message-queue-server/www/vendor/slim/views/Twig.php(87): Twig_Environment->loadTemplate('index.tmp.html') #4 /Users/richardknight/Documents/WORKAREA/DML/_GIT/message-queue-server/www/vendor/slim/slim/Slim/View.php(255): Slim\Views\Twig->render('index.tmp.html', NULL) #5 /Users/richardknight/Documents/WORKAREA/DML/_GIT/message-queue-server/www/vendor/slim/slim/Slim/View.php(243): Slim\View->fetch('index.tmp.html', NULL) #6 /Users/richardknight/Documents/WORKAREA/DML/_GIT/message-queue-server/www/vendor/slim/slim/Slim/Slim.php(757): Slim\View->display('index.tmp.html') #7 /Users/richardknight/Documents/WORKAREA/DML/_GIT/message-queue-server/www/public/index.php(66): Slim\Slim->render('index.tmp.html', Array) #8 [internal function]: {closure}() #9 /Users/richardknight/Documents/WORKAREA/DML/_GIT/message-queue-server/www/vendor/slim/slim/Slim/Route.php(468): call_user_func_array(Object(Closure), Array) #10 /Users/richardknight/Documents/WORKAREA/DML/_GIT/message-queue-server/www/vendor/slim/slim/Slim/Slim.php(1357): Slim\Route->dispatch() #11 /Users/richardknight/Documents/WORKAREA/DML/_GIT/message-queue-server/www/vendor/slim/slim/Slim/Middleware/Flash.php(85): Slim\Slim->call() #12 /Users/richardknight/Documents/WORKAREA/DML/_GIT/message-queue-server/www/vendor/slim/slim/Slim/Middleware/MethodOverride.php(92): Slim\Middleware\Flash->call() #13 /Users/richardknight/Documents/WORKAREA/DML/_GIT/message-queue-server/www/vendor/slim/slim/Slim/Middleware/PrettyExceptions.php(67): Slim\Middleware\MethodOverride->call() #14 /Users/richardknight/Documents/WORKAREA/DML/_GIT/message-queue-server/www/vendor/slim/slim/Slim/Slim.php(1302): Slim\Middleware\PrettyExceptions->call() #15 /Users/richardknight/Documents/WORKAREA/DML/_GIT/message-queue-server/www/public/index.php(81): Slim\Slim->run() #16 {main} [] []
[2015-03-13 16:32:53] MQS.INFO: MQS '/admin' route [] []
[2015-03-13 16:35:46] MQS.INFO: MQS '/admin' route [] []
[2015-03-13 16:35:48] MQS.INFO: MQS '/admin' route [] []
[2015-03-13 16:36:26] MQS.INFO: MQS '/admin' route [] []
[2015-03-13 16:36:27] MQS.INFO: MQS '/admin' route [] []
[2015-03-13 16:39:17] MQS.INFO: MQS '/admin' route [] []
[2015-03-13 16:39:18] MQS.INFO: MQS '/admin' route [] []
[2015-03-13 16:39:19] MQS.INFO: MQS '/admin' route [] []
[2015-03-13 16:39:19] MQS.INFO: MQS '/admin' route [] []
[2015-03-13 16:39:19] MQS.INFO: MQS '/admin' route [] []
[2015-03-13 16:39:20] MQS.INFO: MQS '/admin' route [] []
[2015-03-13 16:39:20] MQS.INFO: MQS '/admin' route [] []
[2015-03-13 16:39:20] MQS.INFO: MQS '/admin' route [] []
[2015-03-13 16:39:20] MQS.INFO: MQS '/admin' route [] []
[2015-03-13 16:39:21] MQS.INFO: MQS '/admin' route [] []
[2015-03-13 16:39:22] MQS.INFO: MQS '/admin' route [] []
[2015-03-13 16:43:07] MQS.INFO: MQS '/admin' route [] []
[2015-03-13 16:58:03] MQS.INFO: MQS '/admin' route [] []
[2015-03-13 16:58:38] MQS.INFO: MQS '/admin' route [] []
[2015-03-13 16:58:52] MQS.INFO: MQS '/admin' route [] []
[2015-03-13 16:59:20] MQS.INFO: MQS '/admin' route [] []
[2015-03-13 17:00:20] MQS.INFO: MQS '/admin' route [] []
[2015-03-13 17:01:36] MQS.INFO: MQS '/admin' route [] []
[2015-03-13 17:04:14] MQS.INFO: MQS '/admin' route [] []
[2015-03-13 17:05:06] MQS.INFO: MQS '/admin' route [] []
[2015-03-13 17:05:22] MQS.INFO: MQS '/admin' route [] []
[2015-03-13 17:05:51] MQS.INFO: MQS '/admin' route [] []
[2015-03-13 17:06:03] MQS.INFO: MQS '/admin' route [] []
[2015-03-13 17:08:24] MQS.INFO: MQS '/admin' route [] []
[2015-03-13 17:12:54] MQS.INFO: MQS '/admin' route [] []
[2015-03-13 17:13:40] MQS.INFO: MQS '/admin' route [] []
[2015-03-13 17:13:50] MQS.INFO: MQS '/admin' route [] []
[2015-03-13 17:14:10] MQS.INFO: MQS '/admin' route [] []
[2015-03-13 17:14:48] MQS.INFO: MQS '/admin' route [] []
[2015-03-13 17:14:50] MQS.INFO: MQS '/admin' route [] []
[2015-03-13 17:14:51] MQS.INFO: MQS '/admin' route [] []
[2015-03-13 17:15:16] MQS.INFO: MQS '/admin' route [] []
[2015-03-13 17:15:36] MQS.INFO: MQS '/admin' route [] []
[2015-03-13 17:15:44] MQS.INFO: MQS '/admin' route [] []
[2015-03-13 17:15:50] MQS.INFO: MQS '/admin' route [] []
[2015-03-13 17:17:06] MQS.INFO: MQS '/admin' route [] []
[2015-03-13 17:17:46] MQS.INFO: MQS '/admin' route [] []
[2015-03-13 17:19:22] MQS.INFO: MQS '/admin' route [] []
[2015-03-13 17:21:58] MQS.INFO: MQS '/admin' route [] []
[2015-03-13 17:22:00] MQS.INFO: MQS '/admin' route [] []
[2015-03-13 17:22:01] MQS.INFO: MQS '/admin' route [] []
[2015-03-13 17:22:02] MQS.INFO: MQS '/admin' route [] []
[2015-03-13 17:22:04] MQS.INFO: MQS '/admin' route [] []
[2015-03-13 17:22:27] MQS.INFO: MQS '/admin' route [] []
[2015-03-13 17:25:30] MQS.INFO: MQS '/admin' route [] []
[2015-03-13 17:25:33] MQS.INFO: MQS '/admin' route [] []
[2015-03-13 17:25:39] MQS.INFO: MQS '/admin' route [] []
[2015-03-13 17:26:00] MQS.INFO: MQS '/admin' route [] []
[2015-03-13 17:31:07] MQS.INFO: MQS '/admin' route [] []
[2015-03-13 17:31:25] MQS.INFO: MQS '/admin' route [] []
[2015-03-13 17:31:51] MQS.INFO: MQS '/admin' route [] []
[2015-03-13 17:32:15] MQS.INFO: MQS '/admin' route [] []
[2015-03-13 17:32:44] MQS.INFO: MQS '/admin' route [] []
[2015-03-13 17:33:12] MQS.INFO: MQS '/admin' route [] []
[2015-03-13 17:33:39] MQS.INFO: MQS '/admin' route [] []
[2015-03-13 17:43:26] MQS.INFO: MQS '/admin' route [] []
[2015-03-13 17:43:29] MQS.INFO: MQS '/admin' route [] []
[2015-03-13 17:44:11] MQS.INFO: MQS '/admin' route [] []
[2015-03-13 17:50:27] MQS.INFO: MQS '/admin' route [] []
[2015-03-13 17:50:29] MQS.INFO: MQS '/admin' route [] []
[2015-03-13 17:50:44] MQS.INFO: MQS '/admin' route [] []
[2015-03-13 17:50:50] MQS.INFO: MQS '/admin' route [] []
[2015-03-13 17:50:54] MQS.INFO: MQS '/admin' route [] []
[2015-03-13 17:51:24] MQS.INFO: MQS '/admin' route [] []
[2015-03-13 17:51:30] MQS.INFO: MQS '/admin' route [] []
[2015-03-13 17:51:57] MQS.INFO: MQS '/admin' route [] []
[2015-03-13 17:52:22] MQS.INFO: MQS '/admin' route [] []
[2015-03-13 17:52:49] MQS.INFO: MQS '/admin' route [] []
[2015-03-13 17:53:08] MQS.INFO: MQS '/admin' route [] []
[2015-03-13 17:53:23] MQS.INFO: MQS '/admin' route [] []
[2015-03-13 17:55:04] MQS.INFO: MQS '/admin' route [] []
[2015-03-13 17:55:26] MQS.INFO: MQS '/admin' route [] []
[2015-03-13 17:57:39] MQS.INFO: MQS '/admin' route [] []
[2015-03-13 17:58:18] MQS.INFO: MQS '/admin' route [] []
[2015-03-13 17:58:21] MQS.INFO: MQS '/admin' route [] []
[2015-03-13 17:59:07] MQS.INFO: MQS '/admin' route [] []
[2015-03-13 17:59:50] MQS.INFO: MQS '/admin' route [] []
[2015-03-13 18:00:00] MQS.INFO: MQS '/admin' route [] []
[2015-03-13 18:00:12] MQS.INFO: MQS '/admin' route [] []
[2015-03-13 18:00:35] MQS.INFO: MQS '/admin' route [] []
[2015-03-13 18:00:38] MQS.INFO: MQS '/admin' route [] []
[2015-03-13 18:00:42] MQS.INFO: MQS '/admin' route [] []
[2015-03-13 18:00:45] MQS.INFO: MQS '/admin' route [] []
[2015-03-13 18:00:46] MQS.INFO: MQS '/admin' route [] []
[2015-03-13 18:00:50] MQS.INFO: MQS '/admin' route [] []
[2015-03-13 18:01:07] MQS.INFO: MQS '/admin' route [] []
[2015-03-13 18:01:39] MQS.INFO: MQS '/admin' route [] []
[2015-03-13 18:02:20] MQS.INFO: MQS '/admin' route [] []
[2015-03-13 18:03:06] MQS.INFO: MQS '/admin' route [] []
[2015-03-13 18:03:08] MQS.INFO: MQS '/admin' route [] []
[2015-03-13 18:03:17] MQS.INFO: MQS '/admin' route [] []
[2015-03-13 18:03:40] MQS.INFO: MQS '/admin' route [] []
[2015-03-13 18:04:24] MQS.INFO: MQS '/admin' route [] []
[2015-03-13 18:04:33] MQS.ERROR: exception 'ErrorException' with message 'Trying to get property of non-object' in /Users/richardknight/Documents/WORKAREA/DML/_GIT/message-queue-server/www/public/index.php:111 Stack trace: #0 /Users/richardknight/Documents/WORKAREA/DML/_GIT/message-queue-server/www/public/index.php(111): Slim\Slim::handleErrors(8, 'Trying to get p...', '/Users/richardk...', 111, Array) #1 [internal function]: create_message('rich@apewave.co...') #2 /Users/richardknight/Documents/WORKAREA/DML/_GIT/message-queue-server/www/vendor/slim/slim/Slim/Route.php(468): call_user_func_array('create_message', Array) #3 /Users/richardknight/Documents/WORKAREA/DML/_GIT/message-queue-server/www/vendor/slim/slim/Slim/Slim.php(1357): Slim\Route->dispatch() #4 /Users/richardknight/Documents/WORKAREA/DML/_GIT/message-queue-server/www/vendor/slim/slim/Slim/Middleware/Flash.php(85): Slim\Slim->call() #5 /Users/richardknight/Documents/WORKAREA/DML/_GIT/message-queue-server/www/vendor/slim/slim/Slim/Middleware/MethodOverride.php(92): Slim\Middleware\Flash->call() #6 /Users/richardknight/Documents/WORKAREA/DML/_GIT/message-queue-server/www/vendor/slim/slim/Slim/Middleware/PrettyExceptions.php(67): Slim\Middleware\MethodOverride->call() #7 /Users/richardknight/Documents/WORKAREA/DML/_GIT/message-queue-server/www/vendor/slim/slim/Slim/Slim.php(1302): Slim\Middleware\PrettyExceptions->call() #8 /Users/richardknight/Documents/WORKAREA/DML/_GIT/message-queue-server/www/public/index.php(81): Slim\Slim->run() #9 {main} [] []
[2015-03-13 18:04:37] MQS.INFO: MQS '/admin' route [] []
[2015-03-13 18:04:43] MQS.INFO: MQS '/admin' route [] []
[2015-03-13 18:04:52] MQS.ERROR: exception 'ErrorException' with message 'Trying to get property of non-object' in /Users/richardknight/Documents/WORKAREA/DML/_GIT/message-queue-server/www/public/index.php:111 Stack trace: #0 /Users/richardknight/Documents/WORKAREA/DML/_GIT/message-queue-server/www/public/index.php(111): Slim\Slim::handleErrors(8, 'Trying to get p...', '/Users/richardk...', 111, Array) #1 [internal function]: create_message('rich@apewave.co...') #2 /Users/richardknight/Documents/WORKAREA/DML/_GIT/message-queue-server/www/vendor/slim/slim/Slim/Route.php(468): call_user_func_array('create_message', Array) #3 /Users/richardknight/Documents/WORKAREA/DML/_GIT/message-queue-server/www/vendor/slim/slim/Slim/Slim.php(1357): Slim\Route->dispatch() #4 /Users/richardknight/Documents/WORKAREA/DML/_GIT/message-queue-server/www/vendor/slim/slim/Slim/Middleware/Flash.php(85): Slim\Slim->call() #5 /Users/richardknight/Documents/WORKAREA/DML/_GIT/message-queue-server/www/vendor/slim/slim/Slim/Middleware/MethodOverride.php(92): Slim\Middleware\Flash->call() #6 /Users/richardknight/Documents/WORKAREA/DML/_GIT/message-queue-server/www/vendor/slim/slim/Slim/Middleware/PrettyExceptions.php(67): Slim\Middleware\MethodOverride->call() #7 /Users/richardknight/Documents/WORKAREA/DML/_GIT/message-queue-server/www/vendor/slim/slim/Slim/Slim.php(1302): Slim\Middleware\PrettyExceptions->call() #8 /Users/richardknight/Documents/WORKAREA/DML/_GIT/message-queue-server/www/public/index.php(81): Slim\Slim->run() #9 {main} [] []
[2015-03-13 18:04:55] MQS.ERROR: exception 'ErrorException' with message 'Trying to get property of non-object' in /Users/richardknight/Documents/WORKAREA/DML/_GIT/message-queue-server/www/public/index.php:111 Stack trace: #0 /Users/richardknight/Documents/WORKAREA/DML/_GIT/message-queue-server/www/public/index.php(111): Slim\Slim::handleErrors(8, 'Trying to get p...', '/Users/richardk...', 111, Array) #1 [internal function]: create_message('rich@apewave.co...') #2 /Users/richardknight/Documents/WORKAREA/DML/_GIT/message-queue-server/www/vendor/slim/slim/Slim/Route.php(468): call_user_func_array('create_message', Array) #3 /Users/richardknight/Documents/WORKAREA/DML/_GIT/message-queue-server/www/vendor/slim/slim/Slim/Slim.php(1357): Slim\Route->dispatch() #4 /Users/richardknight/Documents/WORKAREA/DML/_GIT/message-queue-server/www/vendor/slim/slim/Slim/Middleware/Flash.php(85): Slim\Slim->call() #5 /Users/richardknight/Documents/WORKAREA/DML/_GIT/message-queue-server/www/vendor/slim/slim/Slim/Middleware/MethodOverride.php(92): Slim\Middleware\Flash->call() #6 /Users/richardknight/Documents/WORKAREA/DML/_GIT/message-queue-server/www/vendor/slim/slim/Slim/Middleware/PrettyExceptions.php(67): Slim\Middleware\MethodOverride->call() #7 /Users/richardknight/Documents/WORKAREA/DML/_GIT/message-queue-server/www/vendor/slim/slim/Slim/Slim.php(1302): Slim\Middleware\PrettyExceptions->call() #8 /Users/richardknight/Documents/WORKAREA/DML/_GIT/message-queue-server/www/public/index.php(81): Slim\Slim->run() #9 {main} [] []
[2015-03-13 18:08:33] MQS.INFO: MQS '/admin' route [] []
[2015-03-13 18:09:18] MQS.INFO: MQS '/admin' route [] []
[2015-03-13 18:09:59] MQS.INFO: MQS '/admin' route [] []
